<?xml version="1.0" encoding="UTF-8"?>
<!-- Generated by org.testng.reporters.JUnitReportReporter -->
<testsuite hostname="DESKTOP-930S564" failures="0" tests="3" name="batchTesting.LoginTesy" time="0.036" errors="0" timestamp="2020-01-03T21:55:06 CET" skipped="0">
  <testcase classname="batchTesting.LoginTesy" name="loginByfacebook" time="0.005"/>
  <testcase classname="batchTesting.LoginTesy" name="loginByemail" time="0.031"/>
  <testcase classname="batchTesting.LoginTesy" name="loginBytwitter" time="0.000"/>
</testsuite> <!-- batchTesting.LoginTesy -->
