<?xml version="1.0" encoding="UTF-8"?>
<!-- Generated by org.testng.reporters.JUnitReportReporter -->
<testsuite hostname="DESKTOP-930S564" failures="0" tests="3" name="batchTesting.SignupTest" time="0.037" errors="0" timestamp="2020-01-03T21:55:35 CET" skipped="0">
  <testcase classname="batchTesting.SignupTest" name="signupbyfacebook" time="0.005"/>
  <testcase classname="batchTesting.SignupTest" name="signupbyemail" time="0.027"/>
  <testcase classname="batchTesting.SignupTest" name="signupbytwitter" time="0.005"/>
</testsuite> <!-- batchTesting.SignupTest -->
