<?xml version="1.0" encoding="UTF-8"?>
<!-- Generated by org.testng.reporters.JUnitReportReporter -->
<testsuite hostname="DESKTOP-930S564" failures="0" tests="1" name="testng.NewTest" time="11.183" errors="0" timestamp="2019-12-30T09:53:17 CET" skipped="0">
  <testcase classname="testng.NewTest" name="f" time="11.183"/>
</testsuite> <!-- testng.NewTest -->
