<?xml version="1.0" encoding="UTF-8"?>
<!-- Generated by org.testng.reporters.JUnitReportReporter -->
<testsuite hostname="DESKTOP-930S564" failures="0" tests="1" name="testng.loginTest" time="13.150" errors="0" timestamp="2019-12-30T13:02:38 CET" skipped="0">
  <testcase classname="testng.loginTest" name="f" time="13.150"/>
</testsuite> <!-- testng.loginTest -->
